Mon, 31 Oct 2016 15:23:29 GMT  ~  info  ~  Logfile created
 ~ (0.001228) SET backslash_quote = off
 ~ (0.000193) SET standard_conforming_strings = on
 ~ (0.000127) SET client_min_messages = warning
 ~ (0.000133) SET datestyle = ISO
 ~ (0.000136) SET client_min_messages = warning
 ~ (0.000124) SET client_min_messages = warning
 ~ (0.000904) SELECT current_schema()
 ~ (0.005274) SELECT COUNT(*) FROM "information_schema"."tables" WHERE "table_type" = 'BASE TABLE' AND "table_schema" = 'public' AND "table_name" = 'bookings'
 ~ (0.000148) RESET client_min_messages
 ~ (0.000277) SET backslash_quote = off
 ~ (0.000371) SET standard_conforming_strings = on
 ~ (0.000254) SET client_min_messages = warning
 ~ (0.000277) SET datestyle = ISO
 ~ (0.016606) SELECT COUNT(*) FROM "information_schema"."columns" WHERE "table_schema" = 'public' AND "table_name" = 'bookings' AND "column_name" = 'id'
 ~ (0.002739) SELECT COUNT(*) FROM "information_schema"."columns" WHERE "table_schema" = 'public' AND "table_name" = 'bookings' AND "column_name" = 'start_date'
 ~ (0.001904) SELECT COUNT(*) FROM "information_schema"."columns" WHERE "table_schema" = 'public' AND "table_name" = 'bookings' AND "column_name" = 'end_date'
 ~ (0.001890) SELECT COUNT(*) FROM "information_schema"."columns" WHERE "table_schema" = 'public' AND "table_name" = 'bookings' AND "column_name" = 'status'
 ~ (0.001651) SELECT COUNT(*) FROM "information_schema"."columns" WHERE "table_schema" = 'public' AND "table_name" = 'bookings' AND "column_name" = 'total_cost'
 ~ (0.000154) RESET client_min_messages
 ~ (0.002213) SET backslash_quote = off
 ~ (0.000285) SET standard_conforming_strings = on
 ~ (0.000184) SET client_min_messages = warning
 ~ (0.000172) SET datestyle = ISO
 ~ (0.000147) SET client_min_messages = warning
 ~ (0.000845) SET client_min_messages = warning
 ~ (0.000912) SELECT current_schema()
 ~ (0.004486) SELECT COUNT(*) FROM "information_schema"."tables" WHERE "table_type" = 'BASE TABLE' AND "table_schema" = 'public' AND "table_name" = 'bookings'
 ~ (0.000155) RESET client_min_messages
 ~ (0.000277) SET backslash_quote = off
 ~ (0.000152) SET standard_conforming_strings = on
 ~ (0.000139) SET client_min_messages = warning
 ~ (0.000137) SET datestyle = ISO
 ~ (0.012186) SELECT COUNT(*) FROM "information_schema"."columns" WHERE "table_schema" = 'public' AND "table_name" = 'bookings' AND "column_name" = 'id'
 ~ (0.002397) SELECT COUNT(*) FROM "information_schema"."columns" WHERE "table_schema" = 'public' AND "table_name" = 'bookings' AND "column_name" = 'start_date'
 ~ (0.002213) SELECT COUNT(*) FROM "information_schema"."columns" WHERE "table_schema" = 'public' AND "table_name" = 'bookings' AND "column_name" = 'end_date'
 ~ (0.001864) SELECT COUNT(*) FROM "information_schema"."columns" WHERE "table_schema" = 'public' AND "table_name" = 'bookings' AND "column_name" = 'status'
 ~ (0.001891) SELECT COUNT(*) FROM "information_schema"."columns" WHERE "table_schema" = 'public' AND "table_name" = 'bookings' AND "column_name" = 'total_cost'
 ~ (0.000158) RESET client_min_messages
 ~ (0.000275) SET backslash_quote = off
 ~ (0.000170) SET standard_conforming_strings = on
 ~ (0.000171) SET client_min_messages = warning
 ~ (0.000162) SET datestyle = ISO
 ~ (0.000114) SET client_min_messages = warning
 ~ (0.000117) SET client_min_messages = warning
 ~ (0.000692) SELECT current_schema()
 ~ (0.005711) SELECT COUNT(*) FROM "information_schema"."tables" WHERE "table_type" = 'BASE TABLE' AND "table_schema" = 'public' AND "table_name" = 'bookings'
 ~ (0.000235) RESET client_min_messages
 ~ (0.000835) SET backslash_quote = off
 ~ (0.000193) SET standard_conforming_strings = on
 ~ (0.000163) SET client_min_messages = warning
 ~ (0.000156) SET datestyle = ISO
 ~ (0.008490) SELECT COUNT(*) FROM "information_schema"."columns" WHERE "table_schema" = 'public' AND "table_name" = 'bookings' AND "column_name" = 'id'
 ~ (0.001803) SELECT COUNT(*) FROM "information_schema"."columns" WHERE "table_schema" = 'public' AND "table_name" = 'bookings' AND "column_name" = 'start_date'
 ~ (0.002109) SELECT COUNT(*) FROM "information_schema"."columns" WHERE "table_schema" = 'public' AND "table_name" = 'bookings' AND "column_name" = 'end_date'
 ~ (0.001942) SELECT COUNT(*) FROM "information_schema"."columns" WHERE "table_schema" = 'public' AND "table_name" = 'bookings' AND "column_name" = 'status'
 ~ (0.001670) SELECT COUNT(*) FROM "information_schema"."columns" WHERE "table_schema" = 'public' AND "table_name" = 'bookings' AND "column_name" = 'total_cost'
 ~ (0.000168) RESET client_min_messages
 ~ (0.000377) SET backslash_quote = off
 ~ (0.000140) SET standard_conforming_strings = on
 ~ (0.000113) SET client_min_messages = warning
 ~ (0.000157) SET datestyle = ISO
 ~ (0.000122) SET client_min_messages = warning
 ~ (0.000138) SET client_min_messages = warning
 ~ (0.000639) SELECT current_schema()
 ~ (0.004368) SELECT COUNT(*) FROM "information_schema"."tables" WHERE "table_type" = 'BASE TABLE' AND "table_schema" = 'public' AND "table_name" = 'bookings'
 ~ (0.000166) RESET client_min_messages
 ~ (0.000302) SET backslash_quote = off
 ~ (0.000176) SET standard_conforming_strings = on
 ~ (0.000132) SET client_min_messages = warning
 ~ (0.000116) SET datestyle = ISO
 ~ (0.007097) SELECT COUNT(*) FROM "information_schema"."columns" WHERE "table_schema" = 'public' AND "table_name" = 'bookings' AND "column_name" = 'id'
 ~ (0.001896) SELECT COUNT(*) FROM "information_schema"."columns" WHERE "table_schema" = 'public' AND "table_name" = 'bookings' AND "column_name" = 'start_date'
 ~ (0.002426) SELECT COUNT(*) FROM "information_schema"."columns" WHERE "table_schema" = 'public' AND "table_name" = 'bookings' AND "column_name" = 'end_date'
 ~ (0.001763) SELECT COUNT(*) FROM "information_schema"."columns" WHERE "table_schema" = 'public' AND "table_name" = 'bookings' AND "column_name" = 'status'
 ~ (0.001664) SELECT COUNT(*) FROM "information_schema"."columns" WHERE "table_schema" = 'public' AND "table_name" = 'bookings' AND "column_name" = 'total_cost'
 ~ (0.000153) RESET client_min_messages
 ~ (0.000386) SET backslash_quote = off
 ~ (0.000143) SET standard_conforming_strings = on
 ~ (0.000112) SET client_min_messages = warning
 ~ (0.000121) SET datestyle = ISO
 ~ (0.000110) SET client_min_messages = warning
 ~ (0.000118) SET client_min_messages = warning
 ~ (0.000635) SELECT current_schema()
 ~ (0.003768) SELECT COUNT(*) FROM "information_schema"."tables" WHERE "table_type" = 'BASE TABLE' AND "table_schema" = 'public' AND "table_name" = 'bookings'
 ~ (0.000152) RESET client_min_messages
 ~ (0.000278) SET backslash_quote = off
 ~ (0.000132) SET standard_conforming_strings = on
 ~ (0.000162) SET client_min_messages = warning
 ~ (0.000175) SET datestyle = ISO
 ~ (0.006481) SELECT COUNT(*) FROM "information_schema"."columns" WHERE "table_schema" = 'public' AND "table_name" = 'bookings' AND "column_name" = 'id'
 ~ (0.001855) SELECT COUNT(*) FROM "information_schema"."columns" WHERE "table_schema" = 'public' AND "table_name" = 'bookings' AND "column_name" = 'start_date'
 ~ (0.001717) SELECT COUNT(*) FROM "information_schema"."columns" WHERE "table_schema" = 'public' AND "table_name" = 'bookings' AND "column_name" = 'end_date'
 ~ (0.002944) SELECT COUNT(*) FROM "information_schema"."columns" WHERE "table_schema" = 'public' AND "table_name" = 'bookings' AND "column_name" = 'status'
 ~ (0.001974) SELECT COUNT(*) FROM "information_schema"."columns" WHERE "table_schema" = 'public' AND "table_name" = 'bookings' AND "column_name" = 'total_cost'
 ~ (0.000151) RESET client_min_messages
